build/app/intermediates/manifest_merge_blame_file/debug/manifest-merger-blame-debug-report.txt
1<?xml version="1.0" encoding="utf-8"?>
2<manifest xmlns:android="http://schemas.android.com/apk/res/android"
3    package="com.example.push_notif"
4    android:versionCode="1"
5    android:versionName="1.0.0" >
6
7    <uses-sdk
8        android:minSdkVersion="16"
9        android:targetSdkVersion="30" />
10    <!--
11         Flutter needs it to communicate with the running application
12         to allow setting breakpoints, to provide hot reload, etc.
13    -->
14    <uses-permission android:name="android.permission.INTERNET" />
14-->src/debug/AndroidManifest.xml:6:5-66
14-->src/debug/AndroidManifest.xml:6:22-64
15    <uses-permission android:name="android.permission.WAKE_LOCK" />
15-->[:firebase_messaging] AndroidManifest.xml:8:5-68
15-->[:firebase_messaging] AndroidManifest.xml:8:22-65
16    <uses-permission android:name="android.permission.ACCESS_NETWORK_STATE" />
16-->[:firebase_messaging] AndroidManifest.xml:9:5-79
16-->[:firebase_messaging] AndroidManifest.xml:9:22-76
17    <uses-permission android:name="android.permission.RECEIVE_BOOT_COMPLETED" />
17-->[:flutter_local_notifications] AndroidManifest.xml:7:5-81
17-->[:flutter_local_notifications] AndroidManifest.xml:7:22-78
18    <uses-permission android:name="android.permission.VIBRATE" />
18-->[:flutter_local_notifications] AndroidManifest.xml:8:5-66
18-->[:flutter_local_notifications] AndroidManifest.xml:8:22-63
19    <uses-permission android:name="android.permission.USE_FULL_SCREEN_INTENT" /> <!-- Required by older versions of Google Play services to create IID tokens -->
19-->[:flutter_local_notifications] AndroidManifest.xml:9:5-81
19-->[:flutter_local_notifications] AndroidManifest.xml:9:22-78
20    <uses-permission android:name="com.google.android.c2dm.permission.RECEIVE" />
20-->[com.google.firebase:firebase-messaging:22.0.0] AndroidManifest.xml:25:5-82
20-->[com.google.firebase:firebase-messaging:22.0.0] AndroidManifest.xml:25:22-79
21    <uses-permission android:name="com.google.android.finsky.permission.BIND_GET_INSTALL_REFERRER_SERVICE" />
21-->[com.google.android.gms:play-services-measurement:19.0.0] AndroidManifest.xml:26:5-110
21-->[com.google.android.gms:play-services-measurement:19.0.0] AndroidManifest.xml:26:22-107
22
23    <application
23-->src/main/AndroidManifest.xml:3:4-40:19
24        android:appComponentFactory="androidx.core.app.CoreComponentFactory"
24-->[androidx.core:core:1.3.0] AndroidManifest.xml:24:18-86
25        android:debuggable="true"
26        android:icon="@mipmap/ic_launcher"
26-->src/main/AndroidManifest.xml:5:9-43
27        android:label="push_notif" >
27-->src/main/AndroidManifest.xml:4:9-35
28        <activity
28-->src/main/AndroidManifest.xml:6:9-34:20
29            android:name="com.example.push_notif.MainActivity"
29-->src/main/AndroidManifest.xml:7:13-41
30            android:configChanges="orientation|keyboardHidden|keyboard|screenSize|smallestScreenSize|locale|layoutDirection|fontScale|screenLayout|density|uiMode"
30-->src/main/AndroidManifest.xml:10:13-163
31            android:hardwareAccelerated="true"
31-->src/main/AndroidManifest.xml:11:13-47
32            android:launchMode="singleTop"
32-->src/main/AndroidManifest.xml:8:13-43
33            android:theme="@style/LaunchTheme"
33-->src/main/AndroidManifest.xml:9:13-47
34            android:windowSoftInputMode="adjustResize" >
34-->src/main/AndroidManifest.xml:12:13-55
35
36            <!--
37                 Specifies an Android theme to apply to this Activity as soon as
38                 the Android process has started. This theme is visible to the user
39                 while the Flutter UI initializes. After that, this theme continues
40                 to determine the Window background behind the Flutter UI.
41            -->
42            <meta-data
42-->src/main/AndroidManifest.xml:17:13-20:17
43                android:name="io.flutter.embedding.android.NormalTheme"
43-->src/main/AndroidManifest.xml:18:15-70
44                android:resource="@style/NormalTheme" />
44-->src/main/AndroidManifest.xml:19:15-52
45            <!--
46                 Displays an Android View that continues showing the launch screen
47                 Drawable until Flutter paints its first frame, then this splash
48                 screen fades out. A splash screen is useful to avoid any visual
49                 gap between the end of Android's launch screen and the painting of
50                 Flutter's first frame.
51            -->
52            <meta-data
52-->src/main/AndroidManifest.xml:26:13-29:17
53                android:name="io.flutter.embedding.android.SplashScreenDrawable"
53-->src/main/AndroidManifest.xml:27:15-79
54                android:resource="@drawable/launch_background" />
54-->src/main/AndroidManifest.xml:28:15-61
55
56            <intent-filter>
56-->src/main/AndroidManifest.xml:30:13-33:29
57                <action android:name="android.intent.action.MAIN" />
57-->src/main/AndroidManifest.xml:31:17-68
57-->src/main/AndroidManifest.xml:31:25-66
58
59                <category android:name="android.intent.category.LAUNCHER" />
59-->src/main/AndroidManifest.xml:32:17-76
59-->src/main/AndroidManifest.xml:32:27-74
60            </intent-filter>
61        </activity>
62        <!--
63             Don't delete the meta-data below.
64             This is used by the Flutter tool to generate GeneratedPluginRegistrant.java
65        -->
66        <meta-data
66-->src/main/AndroidManifest.xml:37:9-39:33
67            android:name="flutterEmbedding"
67-->src/main/AndroidManifest.xml:38:13-44
68            android:value="2" />
68-->src/main/AndroidManifest.xml:39:13-30
69
70        <service
70-->[:firebase_messaging] AndroidManifest.xml:12:9-15:72
71            android:name="io.flutter.plugins.firebase.messaging.FlutterFirebaseMessagingBackgroundService"
71-->[:firebase_messaging] AndroidManifest.xml:13:13-107
72            android:exported="false"
72-->[:firebase_messaging] AndroidManifest.xml:14:13-37
73            android:permission="android.permission.BIND_JOB_SERVICE" />
73-->[:firebase_messaging] AndroidManifest.xml:15:13-69
74        <service
74-->[:firebase_messaging] AndroidManifest.xml:16:9-22:19
75            android:name="io.flutter.plugins.firebase.messaging.FlutterFirebaseMessagingService"
75-->[:firebase_messaging] AndroidManifest.xml:17:13-97
76            android:exported="false" >
76-->[:firebase_messaging] AndroidManifest.xml:18:13-37
77            <intent-filter>
77-->[:firebase_messaging] AndroidManifest.xml:19:13-21:29
78                <action android:name="com.google.firebase.MESSAGING_EVENT" />
78-->[:firebase_messaging] AndroidManifest.xml:20:17-78
78-->[:firebase_messaging] AndroidManifest.xml:20:25-75
79            </intent-filter>
80        </service>
81
82        <receiver
82-->[:firebase_messaging] AndroidManifest.xml:24:9-31:20
83            android:name="io.flutter.plugins.firebase.messaging.FlutterFirebaseMessagingReceiver"
83-->[:firebase_messaging] AndroidManifest.xml:25:13-98
84            android:exported="true"
84-->[:firebase_messaging] AndroidManifest.xml:26:13-36
85            android:permission="com.google.android.c2dm.permission.SEND" >
85-->[:firebase_messaging] AndroidManifest.xml:27:13-73
86            <intent-filter>
86-->[:firebase_messaging] AndroidManifest.xml:28:13-30:29
87                <action android:name="com.google.android.c2dm.intent.RECEIVE" />
87-->[:firebase_messaging] AndroidManifest.xml:29:17-81
87-->[:firebase_messaging] AndroidManifest.xml:29:25-78
88            </intent-filter>
89        </receiver>
90
91        <service
91-->[:firebase_messaging] AndroidManifest.xml:33:9-37:19
92            android:name="com.google.firebase.components.ComponentDiscoveryService"
92-->[:firebase_messaging] AndroidManifest.xml:33:18-89
93            android:directBootAware="true"
93-->[com.google.firebase:firebase-common:20.0.0] AndroidManifest.xml:35:13-43
94            android:exported="false" >
94-->[com.google.firebase:firebase-messaging:22.0.0] AndroidManifest.xml:51:13-37
95            <meta-data
95-->[:firebase_messaging] AndroidManifest.xml:34:13-36:85
96                android:name="com.google.firebase.components:io.flutter.plugins.firebase.messaging.FlutterFirebaseAppRegistrar"
96-->[:firebase_messaging] AndroidManifest.xml:35:17-128
97                android:value="com.google.firebase.components.ComponentRegistrar" />
97-->[:firebase_messaging] AndroidManifest.xml:36:17-82
98            <meta-data
98-->[:firebase_core] AndroidManifest.xml:9:13-11:85
99                android:name="com.google.firebase.components:io.flutter.plugins.firebase.core.FlutterFirebaseCoreRegistrar"
99-->[:firebase_core] AndroidManifest.xml:10:17-124
100                android:value="com.google.firebase.components.ComponentRegistrar" />
100-->[:firebase_core] AndroidManifest.xml:11:17-82
101            <meta-data
101-->[com.google.firebase:firebase-messaging:22.0.0] AndroidManifest.xml:52:13-54:85
102                android:name="com.google.firebase.components:com.google.firebase.messaging.FirebaseMessagingRegistrar"
102-->[com.google.firebase:firebase-messaging:22.0.0] AndroidManifest.xml:53:17-119
103                android:value="com.google.firebase.components.ComponentRegistrar" />
103-->[com.google.firebase:firebase-messaging:22.0.0] AndroidManifest.xml:54:17-82
104            <meta-data
104-->[com.google.firebase:firebase-datatransport:18.0.0] AndroidManifest.xml:28:13-30:85
105                android:name="com.google.firebase.components:com.google.firebase.datatransport.TransportRegistrar"
105-->[com.google.firebase:firebase-datatransport:18.0.0] AndroidManifest.xml:29:17-115
106                android:value="com.google.firebase.components.ComponentRegistrar" />
106-->[com.google.firebase:firebase-datatransport:18.0.0] AndroidManifest.xml:30:17-82
107            <meta-data
107-->[com.google.android.gms:play-services-measurement-api:19.0.0] AndroidManifest.xml:30:13-32:85
108                android:name="com.google.firebase.components:com.google.firebase.analytics.connector.internal.AnalyticsConnectorRegistrar"
108-->[com.google.android.gms:play-services-measurement-api:19.0.0] AndroidManifest.xml:31:17-139
109                android:value="com.google.firebase.components.ComponentRegistrar" />
109-->[com.google.android.gms:play-services-measurement-api:19.0.0] AndroidManifest.xml:32:17-82
110            <meta-data
110-->[com.google.firebase:firebase-installations:17.0.0] AndroidManifest.xml:18:13-20:85
111                android:name="com.google.firebase.components:com.google.firebase.installations.FirebaseInstallationsRegistrar"
111-->[com.google.firebase:firebase-installations:17.0.0] AndroidManifest.xml:19:17-127
112                android:value="com.google.firebase.components.ComponentRegistrar" />
112-->[com.google.firebase:firebase-installations:17.0.0] AndroidManifest.xml:20:17-82
113        </service>
114
115        <provider
115-->[:firebase_messaging] AndroidManifest.xml:39:9-43:38
116            android:name="io.flutter.plugins.firebase.messaging.FlutterFirebaseMessagingInitProvider"
116-->[:firebase_messaging] AndroidManifest.xml:40:13-102
117            android:authorities="com.example.push_notif.flutterfirebasemessaginginitprovider"
117-->[:firebase_messaging] AndroidManifest.xml:41:13-88
118            android:exported="false"
118-->[:firebase_messaging] AndroidManifest.xml:42:13-37
119            android:initOrder="99" />
119-->[:firebase_messaging] AndroidManifest.xml:43:13-35
120
121        <receiver android:name="com.dexterous.flutterlocalnotifications.ScheduledNotificationReceiver" />
121-->[:flutter_local_notifications] AndroidManifest.xml:12:9-106
121-->[:flutter_local_notifications] AndroidManifest.xml:12:19-103
122        <receiver android:name="com.dexterous.flutterlocalnotifications.ScheduledNotificationBootReceiver" >
122-->[:flutter_local_notifications] AndroidManifest.xml:13:9-20:20
122-->[:flutter_local_notifications] AndroidManifest.xml:13:19-107
123            <intent-filter>
123-->[:flutter_local_notifications] AndroidManifest.xml:14:13-19:29
124                <action android:name="android.intent.action.BOOT_COMPLETED" />
124-->[:flutter_local_notifications] AndroidManifest.xml:15:17-79
124-->[:flutter_local_notifications] AndroidManifest.xml:15:25-76
125                <action android:name="android.intent.action.MY_PACKAGE_REPLACED" />
125-->[:flutter_local_notifications] AndroidManifest.xml:16:17-84
125-->[:flutter_local_notifications] AndroidManifest.xml:16:25-81
126                <action android:name="android.intent.action.QUICKBOOT_POWERON" />
126-->[:flutter_local_notifications] AndroidManifest.xml:17:17-82
126-->[:flutter_local_notifications] AndroidManifest.xml:17:25-79
127                <action android:name="com.htc.intent.action.QUICKBOOT_POWERON" />
127-->[:flutter_local_notifications] AndroidManifest.xml:18:17-82
127-->[:flutter_local_notifications] AndroidManifest.xml:18:25-79
128            </intent-filter>
129        </receiver>
130        <receiver
130-->[com.google.firebase:firebase-messaging:22.0.0] AndroidManifest.xml:28:9-35:20
131            android:name="com.google.firebase.iid.FirebaseInstanceIdReceiver"
131-->[com.google.firebase:firebase-messaging:22.0.0] AndroidManifest.xml:29:13-78
132            android:exported="true"
132-->[com.google.firebase:firebase-messaging:22.0.0] AndroidManifest.xml:30:13-36
133            android:permission="com.google.android.c2dm.permission.SEND" >
133-->[com.google.firebase:firebase-messaging:22.0.0] AndroidManifest.xml:31:13-73
134            <intent-filter>
134-->[:firebase_messaging] AndroidManifest.xml:28:13-30:29
135                <action android:name="com.google.android.c2dm.intent.RECEIVE" />
135-->[:firebase_messaging] AndroidManifest.xml:29:17-81
135-->[:firebase_messaging] AndroidManifest.xml:29:25-78
136            </intent-filter>
137        </receiver>
138        <!--
139             FirebaseMessagingService performs security checks at runtime,
140             but set to not exported to explicitly avoid allowing another app to call it.
141        -->
142        <service
142-->[com.google.firebase:firebase-messaging:22.0.0] AndroidManifest.xml:41:9-48:19
143            android:name="com.google.firebase.messaging.FirebaseMessagingService"
143-->[com.google.firebase:firebase-messaging:22.0.0] AndroidManifest.xml:42:13-82
144            android:directBootAware="true"
144-->[com.google.firebase:firebase-messaging:22.0.0] AndroidManifest.xml:43:13-43
145            android:exported="false" >
145-->[com.google.firebase:firebase-messaging:22.0.0] AndroidManifest.xml:44:13-37
146            <intent-filter android:priority="-500" >
146-->[:firebase_messaging] AndroidManifest.xml:19:13-21:29
147                <action android:name="com.google.firebase.MESSAGING_EVENT" />
147-->[:firebase_messaging] AndroidManifest.xml:20:17-78
147-->[:firebase_messaging] AndroidManifest.xml:20:25-75
148            </intent-filter>
149        </service>
150        <service
150-->[com.google.android.datatransport:transport-backend-cct:3.0.0] AndroidManifest.xml:29:9-35:19
151            android:name="com.google.android.datatransport.runtime.backends.TransportBackendDiscovery"
151-->[com.google.android.datatransport:transport-backend-cct:3.0.0] AndroidManifest.xml:30:13-103
152            android:exported="false" >
152-->[com.google.android.datatransport:transport-backend-cct:3.0.0] AndroidManifest.xml:31:13-37
153            <meta-data
153-->[com.google.android.datatransport:transport-backend-cct:3.0.0] AndroidManifest.xml:32:13-34:39
154                android:name="backend:com.google.android.datatransport.cct.CctBackendFactory"
154-->[com.google.android.datatransport:transport-backend-cct:3.0.0] AndroidManifest.xml:33:17-94
155                android:value="cct" />
155-->[com.google.android.datatransport:transport-backend-cct:3.0.0] AndroidManifest.xml:34:17-36
156        </service>
157
158        <provider
158-->[com.google.firebase:firebase-common:20.0.0] AndroidManifest.xml:26:9-31:39
159            android:name="com.google.firebase.provider.FirebaseInitProvider"
159-->[com.google.firebase:firebase-common:20.0.0] AndroidManifest.xml:27:13-77
160            android:authorities="com.example.push_notif.firebaseinitprovider"
160-->[com.google.firebase:firebase-common:20.0.0] AndroidManifest.xml:28:13-72
161            android:directBootAware="true"
161-->[com.google.firebase:firebase-common:20.0.0] AndroidManifest.xml:29:13-43
162            android:exported="false"
162-->[com.google.firebase:firebase-common:20.0.0] AndroidManifest.xml:30:13-37
163            android:initOrder="100" />
163-->[com.google.firebase:firebase-common:20.0.0] AndroidManifest.xml:31:13-36
164
165        <receiver
165-->[com.google.android.gms:play-services-measurement:19.0.0] AndroidManifest.xml:29:9-33:20
166            android:name="com.google.android.gms.measurement.AppMeasurementReceiver"
166-->[com.google.android.gms:play-services-measurement:19.0.0] AndroidManifest.xml:30:13-85
167            android:enabled="true"
167-->[com.google.android.gms:play-services-measurement:19.0.0] AndroidManifest.xml:31:13-35
168            android:exported="false" >
168-->[com.google.android.gms:play-services-measurement:19.0.0] AndroidManifest.xml:32:13-37
169        </receiver>
170
171        <service
171-->[com.google.android.gms:play-services-measurement:19.0.0] AndroidManifest.xml:35:9-38:40
172            android:name="com.google.android.gms.measurement.AppMeasurementService"
172-->[com.google.android.gms:play-services-measurement:19.0.0] AndroidManifest.xml:36:13-84
173            android:enabled="true"
173-->[com.google.android.gms:play-services-measurement:19.0.0] AndroidManifest.xml:37:13-35
174            android:exported="false" />
174-->[com.google.android.gms:play-services-measurement:19.0.0] AndroidManifest.xml:38:13-37
175        <service
175-->[com.google.android.gms:play-services-measurement:19.0.0] AndroidManifest.xml:39:9-43:72
176            android:name="com.google.android.gms.measurement.AppMeasurementJobService"
176-->[com.google.android.gms:play-services-measurement:19.0.0] AndroidManifest.xml:40:13-87
177            android:enabled="true"
177-->[com.google.android.gms:play-services-measurement:19.0.0] AndroidManifest.xml:41:13-35
178            android:exported="false"
178-->[com.google.android.gms:play-services-measurement:19.0.0] AndroidManifest.xml:42:13-37
179            android:permission="android.permission.BIND_JOB_SERVICE" />
179-->[com.google.android.gms:play-services-measurement:19.0.0] AndroidManifest.xml:43:13-69
180
181        <meta-data
181-->[com.google.android.gms:play-services-basement:17.0.0] AndroidManifest.xml:23:9-25:69
182            android:name="com.google.android.gms.version"
182-->[com.google.android.gms:play-services-basement:17.0.0] AndroidManifest.xml:24:13-58
183            android:value="@integer/google_play_services_version" />
183-->[com.google.android.gms:play-services-basement:17.0.0] AndroidManifest.xml:25:13-66
184
185        <service
185-->[com.google.android.datatransport:transport-runtime:3.0.0] AndroidManifest.xml:26:9-30:19
186            android:name="com.google.android.datatransport.runtime.scheduling.jobscheduling.JobInfoSchedulerService"
186-->[com.google.android.datatransport:transport-runtime:3.0.0] AndroidManifest.xml:27:13-117
187            android:exported="false"
187-->[com.google.android.datatransport:transport-runtime:3.0.0] AndroidManifest.xml:28:13-37
188            android:permission="android.permission.BIND_JOB_SERVICE" >
188-->[com.google.android.datatransport:transport-runtime:3.0.0] AndroidManifest.xml:29:13-69
189        </service>
190
191        <receiver
191-->[com.google.android.datatransport:transport-runtime:3.0.0] AndroidManifest.xml:32:9-34:40
192            android:name="com.google.android.datatransport.runtime.scheduling.jobscheduling.AlarmManagerSchedulerBroadcastReceiver"
192-->[com.google.android.datatransport:transport-runtime:3.0.0] AndroidManifest.xml:33:13-132
193            android:exported="false" />
193-->[com.google.android.datatransport:transport-runtime:3.0.0] AndroidManifest.xml:34:13-37
194    </application>
195
196</manifest>